<?xml version='1.0' encoding='utf-8'?>
<testsuites name="cocotb tests"><testsuite name="test_router" errors="0" failures="0" skipped="0" tests="1" time="0.023" timestamp="2026-09-14T05:57:23.888326+00:00" hostname="Rohits-MacBook-Pro.local"><testcase classname="test_router" name="test_router_routing" time="0.023"><properties><property name="cocotb" value="True" /><property name="random_seed" value="1789365443" /><property name="file" value="/Users/hello.welcometothisdevice/CooK/cocotb/test_router.py" /><property name="line" value="240" /><property name="sim_time_unit" value="ns" /><property name="sim_time_start" value="0.0" /><property name="sim_time_stop" value="451.0" /><property name="sim_time_duration" value="451.0" /><property name="sim_time_ratio" value="19950.971040597462" /></properties></testcase></testsuite></testsuites>